# JRE version: OpenJDK Runtime Environment (8.0_202) (build 1.8.0_202-release-1483-b49-5587405)
# Java VM: OpenJDK 64-Bit Server VM (25.202-b49-5587405 mixed mode linux-amd64 compressed oops)
Heap:
 PSYoungGen      total 485376K, used 400342K [0x00000000e0000000, 0x0000000100000000, 0x0000000100000000)
  eden space 448512K, 83% used [0x00000000e0000000,0x00000000f6ee29d8,0x00000000fb600000)
  from space 36864K, 66% used [0x00000000fdc00000,0x00000000ff4131c0,0x0000000100000000)
  to   space 37888K, 0% used [0x00000000fb600000,0x00000000fb600000,0x00000000fdb00000)
 ParOldGen       total 146432K, used 88985K [0x00000000a0000000, 0x00000000a8f00000, 0x00000000e0000000)
  object space 146432K, 60% used [0x00000000a0000000,0x00000000a56e6678,0x00000000a8f00000)
 Metaspace       used 123902K, capacity 130142K, committed 130344K, reserved 1163264K
  class space    used 15456K, capacity 16665K, committed 16680K, reserved 1048576K
GC Heap History (10 events):
Event: 5943.814 GC heap before
{Heap before GC invocations=46 (full 4):
 PSYoungGen      total 476672K, used 460632K [0x00000000e0000000, 0x00000000ffd80000, 0x0000000100000000)
  eden space 437760K, 100% used [0x00000000e0000000,0x00000000fab80000,0x00000000fab80000)
  from space 38912K, 58% used [0x00000000fab80000,0x00000000fc1d6010,0x00000000fd180000)
  to   space 38400K, 0% used [0x00000000fd800000,0x00000000fd800000,0x00000000ffd80000)
 ParOldGen       total 146432K, used 85028K [0x00000000a0000000, 0x00000000a8f00000, 0x00000000e0000000)
  object space 146432K, 58% used [0x00000000a0000000,0x00000000a53093b0,0x00000000a8f00000)
 Metaspace       used 118926K, capacity 124282K, committed 124584K, reserved 1157120K
  class space    used 14909K, capacity 15989K, committed 16040K, reserved 1048576K
Event: 5943.842 GC heap after
Heap after GC invocations=46 (full 4):
 PSYoungGen      total 484352K, used 14007K [0x00000000e0000000, 0x00000000ffd80000, 0x0000000100000000)
  eden space 445952K, 0% used [0x00000000e0000000,0x00000000e0000000,0x00000000fb380000)
  from space 38400K, 36% used [0x00000000fd800000,0x00000000fe5adf18,0x00000000ffd80000)
  to   space 37376K, 0% used [0x00000000fb380000,0x00000000fb380000,0x00000000fd800000)
 ParOldGen       total 146432K, used 86431K [0x00000000a0000000, 0x00000000a8f00000, 0x00000000e0000000)
  object space 146432K, 59% used [0x00000000a0000000,0x00000000a5467e20,0x00000000a8f00000)
 Metaspace       used 118926K, capacity 124282K, committed 124584K, reserved 1157120K
  class space    used 14909K, capacity 15989K, committed 16040K, reserved 1048576K
}
Event: 5954.761 GC heap before
{Heap before GC invocations=47 (full 4):
 PSYoungGen      total 484352K, used 459959K [0x00000000e0000000, 0x00000000ffd80000, 0x0000000100000000)
  eden space 445952K, 100% used [0x00000000e0000000,0x00000000fb380000,0x00000000fb380000)
  from space 38400K, 36% used [0x00000000fd800000,0x00000000fe5adf18,0x00000000ffd80000)
  to   space 37376K, 0% used [0x00000000fb380000,0x00000000fb380000,0x00000000fd800000)
 ParOldGen       total 146432K, used 86431K [0x00000000a0000000, 0x00000000a8f00000, 0x00000000e0000000)
  object space 146432K, 59% used [0x00000000a0000000,0x00000000a5467e20,0x00000000a8f00000)
 Metaspace       used 119949K, capacity 125476K, committed 125736K, reserved 1159168K
  class space    used 15039K, capacity 16120K, committed 16168K, reserved 1048576K
Event: 5954.966 GC heap after
Heap after GC invocations=47 (full 4):
 PSYoungGen      total 483328K, used 22235K [0x00000000e0000000, 0x00000000ffe00000, 0x0000000100000000)
  eden space 445952K, 0% used [0x00000000e0000000,0x00000000e0000000,0x00000000fb380000)
  from space 37376K, 59% used [0x00000000fb380000,0x00000000fc936c00,0x00000000fd800000)
  to   space 36864K, 0% used [0x00000000fda00000,0x00000000fda00000,0x00000000ffe00000)
 ParOldGen       total 146432K, used 86543K [0x00000000a0000000, 0x00000000a8f00000, 0x00000000e0000000)
  object space 146432K, 59% used [0x00000000a0000000,0x00000000a5483e20,0x00000000a8f00000)
 Metaspace       used 119949K, capacity 125476K, committed 125736K, reserved 1159168K
  class space    used 15039K, capacity 16120K, committed 16168K, reserved 1048576K
}
Event: 6747.409 GC heap before
{Heap before GC invocations=48 (full 4):
 PSYoungGen      total 483328K, used 468187K [0x00000000e0000000, 0x00000000ffe00000, 0x0000000100000000)
  eden space 445952K, 100% used [0x00000000e0000000,0x00000000fb380000,0x00000000fb380000)
  from space 37376K, 59% used [0x00000000fb380000,0x00000000fc936c00,0x00000000fd800000)
  to   space 36864K, 0% used [0x00000000fda00000,0x00000000fda00000,0x00000000ffe00000)
 ParOldGen       total 146432K, used 86543K [0x00000000a0000000, 0x00000000a8f00000, 0x00000000e0000000)
  object space 146432K, 59% used [0x00000000a0000000,0x00000000a5483e20,0x00000000a8f00000)
 Metaspace       used 121899K, capacity 127734K, committed 127912K, reserved 1161216K
  class space    used 15314K, capacity 16427K, committed 16552K, reserved 1048576K
Event: 6747.456 GC heap after
Heap after GC invocations=48 (full 4):
 PSYoungGen      total 485376K, used 8041K [0x00000000e0000000, 0x00000000fff80000, 0x0000000100000000)
  eden space 448512K, 0% used [0x00000000e0000000,0x00000000e0000000,0x00000000fb600000)
  from space 36864K, 21% used [0x00000000fda00000,0x00000000fe1da590,0x00000000ffe00000)
  to   space 36864K, 0% used [0x00000000fb600000,0x00000000fb600000,0x00000000fda00000)
 ParOldGen       total 146432K, used 87471K [0x00000000a0000000, 0x00000000a8f00000, 0x00000000e0000000)
  object space 146432K, 59% used [0x00000000a0000000,0x00000000a556be70,0x00000000a8f00000)
 Metaspace       used 121899K, capacity 127734K, committed 127912K, reserved 1161216K
  class space    used 15314K, capacity 16427K, committed 16552K, reserved 1048576K
}
Event: 7021.765 GC heap before
{Heap before GC invocations=49 (full 4):
 PSYoungGen      total 485376K, used 456553K [0x00000000e0000000, 0x00000000fff80000, 0x0000000100000000)
  eden space 448512K, 100% used [0x00000000e0000000,0x00000000fb600000,0x00000000fb600000)
  from space 36864K, 21% used [0x00000000fda00000,0x00000000fe1da590,0x00000000ffe00000)
  to   space 36864K, 0% used [0x00000000fb600000,0x00000000fb600000,0x00000000fda00000)
 ParOldGen       total 146432K, used 87471K [0x00000000a0000000, 0x00000000a8f00000, 0x00000000e0000000)
  object space 146432K, 59% used [0x00000000a0000000,0x00000000a556be70,0x00000000a8f00000)
 Metaspace       used 122733K, capacity 128656K, committed 129064K, reserved 1161216K
  class space    used 15376K, capacity 16526K, committed 16680K, reserved 1048576K
Event: 7021.854 GC heap after
Heap after GC invocations=49 (full 4):
 PSYoungGen      total 485376K, used 7669K [0x00000000e0000000, 0x0000000100000000, 0x0000000100000000)
  eden space 448512K, 0% used [0x00000000e0000000,0x00000000e0000000,0x00000000fb600000)
  from space 36864K, 20% used [0x00000000fb600000,0x00000000fbd7d780,0x00000000fda00000)
  to   space 36864K, 0% used [0x00000000fdc00000,0x00000000fdc00000,0x0000000100000000)
 ParOldGen       total 146432K, used 88977K [0x00000000a0000000, 0x00000000a8f00000, 0x00000000e0000000)
  object space 146432K, 60% used [0x00000000a0000000,0x00000000a56e4678,0x00000000a8f00000)
 Metaspace       used 122733K, capacity 128656K, committed 129064K, reserved 1161216K
  class space    used 15376K, capacity 16526K, committed 16680K, reserved 1048576K
}
Event: 11766.499 GC heap before
{Heap before GC invocations=50 (full 4):
 PSYoungGen      total 485376K, used 456181K [0x00000000e0000000, 0x0000000100000000, 0x0000000100000000)
  eden space 448512K, 100% used [0x00000000e0000000,0x00000000fb600000,0x00000000fb600000)
  from space 36864K, 20% used [0x00000000fb600000,0x00000000fbd7d780,0x00000000fda00000)
  to   space 36864K, 0% used [0x00000000fdc00000,0x00000000fdc00000,0x0000000100000000)
 ParOldGen       total 146432K, used 88977K [0x00000000a0000000, 0x00000000a8f00000, 0x00000000e0000000)
  object space 146432K, 60% used [0x00000000a0000000,0x00000000a56e4678,0x00000000a8f00000)
 Metaspace       used 123292K, capacity 129374K, committed 129576K, reserved 1163264K
  class space    used 15414K, capacity 16591K, committed 16680K, reserved 1048576K
Event: 11768.136 GC heap after
Heap after GC invocations=50 (full 4):
 PSYoungGen      total 485376K, used 24652K [0x00000000e0000000, 0x0000000100000000, 0x0000000100000000)
  eden space 448512K, 0% used [0x00000000e0000000,0x00000000e0000000,0x00000000fb600000)
  from space 36864K, 66% used [0x00000000fdc00000,0x00000000ff4131c0,0x0000000100000000)
  to   space 37888K, 0% used [0x00000000fb600000,0x00000000fb600000,0x00000000fdb00000)
 ParOldGen       total 146432K, used 88985K [0x00000000a0000000, 0x00000000a8f00000, 0x00000000e0000000)
  object space 146432K, 60% used [0x00000000a0000000,0x00000000a56e6678,0x00000000a8f00000)
 Metaspace       used 123292K, capacity 129374K, committed 129576K, reserved 1163264K
  class space    used 15414K, capacity 16591K, committed 16680K, reserved 1048576K
}

